Started GET "/" for 127.0.0.1 at 2020-02-11 17:44:11 +0200
  
ActiveRecord::PendingMigrationError (

Migrations are pending. To resolve this issue, run:

        bin/rails db:migrate RAILS_ENV=development

):
  
activerecord (5.1.1) lib/active_record/migration.rb:576:in `check_pending!'
activerecord (5.1.1) lib/active_record/migration.rb:553:in `call'
actionpack (5.1.1) lib/action_dispatch/middleware/callbacks.rb:26:in `block in call'
activesupport (5.1.1) lib/active_support/callbacks.rb:97:in `run_callbacks'
actionpack (5.1.1) lib/action_dispatch/middleware/callbacks.rb:24:in `call'
actionpack (5.1.1) lib/action_dispatch/middleware/executor.rb:12:in `call'
actionpack (5.1.1) lib/action_dispatch/middleware/debug_exceptions.rb:59:in `call'
web-console (3.5.0) lib/web_console/middleware.rb:135:in `call_app'
web-console (3.5.0) lib/web_console/middleware.rb:28:in `block in call'
web-console (3.5.0) lib/web_console/middleware.rb:18:in `catch'
web-console (3.5.0) lib/web_console/middleware.rb:18:in `call'
actionpack (5.1.1) lib/action_dispatch/middleware/show_exceptions.rb:31:in `call'
railties (5.1.1) lib/rails/rack/logger.rb:36:in `call_app'
railties (5.1.1) lib/rails/rack/logger.rb:24:in `block in call'
activesupport (5.1.1) lib/active_support/tagged_logging.rb:69:in `block in tagged'
activesupport (5.1.1) lib/active_support/tagged_logging.rb:26:in `tagged'
activesupport (5.1.1) lib/active_support/tagged_logging.rb:69:in `tagged'
railties (5.1.1) lib/rails/rack/logger.rb:24:in `call'
sprockets-rails (3.2.0) lib/sprockets/rails/quiet_assets.rb:13:in `call'
actionpack (5.1.1) lib/action_dispatch/middleware/remote_ip.rb:79:in `call'
actionpack (5.1.1) lib/action_dispatch/middleware/request_id.rb:25:in `call'
rack (2.0.5) lib/rack/method_override.rb:22:in `call'
rack (2.0.5) lib/rack/runtime.rb:22:in `call'
activesupport (5.1.1) lib/active_support/cache/strategy/local_cache_middleware.rb:27:in `call'
actionpack (5.1.1) lib/action_dispatch/middleware/executor.rb:12:in `call'
actionpack (5.1.1) lib/action_dispatch/middleware/static.rb:125:in `call'
rack (2.0.5) lib/rack/sendfile.rb:111:in `call'
railties (5.1.1) lib/rails/engine.rb:522:in `call'
puma (3.8.2) lib/puma/configuration.rb:224:in `call'
puma (3.8.2) lib/puma/server.rb:600:in `handle_request'
puma (3.8.2) lib/puma/server.rb:435:in `process_client'
puma (3.8.2) lib/puma/server.rb:299:in `block in run'
puma (3.8.2) lib/puma/thread_pool.rb:120:in `block in spawn_thread'
  [1m[35m (39.1ms)[0m  [1m[35mCREATE TABLE "schema_migrations" ("version" character varying NOT NULL PRIMARY KEY)[0m
  [1m[35m (3.6ms)[0m  [1m[35mCREATE TABLE "ar_internal_metadata" ("key" character varying NOT NULL PRIMARY KEY, "value" character varying, "created_at" timestamp NOT NULL, "updated_at" timestamp NOT NULL)[0m
  [1m[35m (1.3ms)[0m  [1m[34mSELECT pg_try_advisory_lock(3746314354844354685);[0m
  [1m[35m (1.1ms)[0m  [1m[34mSELECT "schema_migrations"."version" FROM "schema_migrations" ORDER BY "schema_migrations"."version" ASC[0m
Migrating to CreateProjects (20170429005652)
  [1m[35m (0.3ms)[0m  [1m[35mBEGIN[0m
  [1m[35m (8.8ms)[0m  [1m[35mCREATE TABLE "projects" ("id" bigserial primary key, "name" character varying, "description" text, "due_on" date, "created_at" timestamp NOT NULL, "updated_at" timestamp NOT NULL)[0m
  [1m[35mSQL (0.9ms)[0m  [1m[32mINSERT INTO "schema_migrations" ("version") VALUES ($1) RETURNING "version"[0m  [["version", "20170429005652"]]
  [1m[35m (0.6ms)[0m  [1m[35mCOMMIT[0m
Migrating to DeviseCreateUsers (20170429031237)
  [1m[35m (0.3ms)[0m  [1m[35mBEGIN[0m
  [1m[35m (5.6ms)[0m  [1m[35mCREATE TABLE "users" ("id" bigserial primary key, "email" character varying DEFAULT '' NOT NULL, "encrypted_password" character varying DEFAULT '' NOT NULL, "reset_password_token" character varying, "reset_password_sent_at" timestamp, "remember_created_at" timestamp, "sign_in_count" integer DEFAULT 0 NOT NULL, "current_sign_in_at" timestamp, "last_sign_in_at" timestamp, "current_sign_in_ip" character varying, "last_sign_in_ip" character varying, "created_at" timestamp NOT NULL, "updated_at" timestamp NOT NULL)[0m
  [1m[35m (1.6ms)[0m  [1m[35mCREATE UNIQUE INDEX  "index_users_on_email" ON "users"  ("email")[0m
  [1m[35m (1.5ms)[0m  [1m[35mCREATE UNIQUE INDEX  "index_users_on_reset_password_token" ON "users"  ("reset_password_token")[0m
  [1m[35mSQL (0.6ms)[0m  [1m[32mINSERT INTO "schema_migrations" ("version") VALUES ($1) RETURNING "version"[0m  [["version", "20170429031237"]]
  [1m[35m (0.5ms)[0m  [1m[35mCOMMIT[0m
Migrating to AddNameFieldsToUser (20170429183740)
  [1m[35m (0.4ms)[0m  [1m[35mBEGIN[0m
  [1m[35m (1.4ms)[0m  [1m[35mALTER TABLE "users" ADD "first_name" character varying[0m
  [1m[35m (0.5ms)[0m  [1m[35mALTER TABLE "users" ADD "last_name" character varying[0m
  [1m[35mSQL (0.4ms)[0m  [1m[32mINSERT INTO "schema_migrations" ("version") VALUES ($1) RETURNING "version"[0m  [["version", "20170429183740"]]
  [1m[35m (0.6ms)[0m  [1m[35mCOMMIT[0m
Migrating to AddUserToProject (20170429184509)
  [1m[35m (0.2ms)[0m  [1m[35mBEGIN[0m
  [1m[35m (0.6ms)[0m  [1m[35mALTER TABLE "projects" ADD "user_id" bigint[0m
  [1m[35m (2.4ms)[0m  [1m[35mCREATE  INDEX  "index_projects_on_user_id" ON "projects"  ("user_id")[0m
  [1m[35m (8.8ms)[0m  [1m[35mALTER TABLE "projects" ADD CONSTRAINT "fk_rails_b872a6760a"
FOREIGN KEY ("user_id")
  REFERENCES "users" ("id")
[0m
  [1m[35mSQL (0.4ms)[0m  [1m[32mINSERT INTO "schema_migrations" ("version") VALUES ($1) RETURNING "version"[0m  [["version", "20170429184509"]]
  [1m[35m (0.8ms)[0m  [1m[35mCOMMIT[0m
Migrating to CreateNotes (20170429213746)
  [1m[35m (0.8ms)[0m  [1m[35mBEGIN[0m
  [1m[35m (7.9ms)[0m  [1m[35mCREATE TABLE "notes" ("id" bigserial primary key, "message" text, "project_id" bigint, "user_id" bigint, "created_at" timestamp NOT NULL, "updated_at" timestamp NOT NULL, CONSTRAINT "fk_rails_99e097b079"
FOREIGN KEY ("project_id")
  REFERENCES "projects" ("id")
, CONSTRAINT "fk_rails_7f2323ad43"
FOREIGN KEY ("user_id")
  REFERENCES "users" ("id")
)[0m
  [1m[35m (1.2ms)[0m  [1m[35mCREATE  INDEX  "index_notes_on_project_id" ON "notes"  ("project_id")[0m
  [1m[35m (1.5ms)[0m  [1m[35mCREATE  INDEX  "index_notes_on_user_id" ON "notes"  ("user_id")[0m
  [1m[35mSQL (0.3ms)[0m  [1m[32mINSERT INTO "schema_migrations" ("version") VALUES ($1) RETURNING "version"[0m  [["version", "20170429213746"]]
  [1m[35m (0.5ms)[0m  [1m[35mCOMMIT[0m
Migrating to CreateTasks (20170430190554)
  [1m[35m (0.6ms)[0m  [1m[35mBEGIN[0m
  [1m[35m (8.7ms)[0m  [1m[35mCREATE TABLE "tasks" ("id" bigserial primary key, "name" character varying, "project_id" bigint, "completed" boolean, "created_at" timestamp NOT NULL, "updated_at" timestamp NOT NULL, CONSTRAINT "fk_rails_02e851e3b7"
FOREIGN KEY ("project_id")
  REFERENCES "projects" ("id")
)[0m
  [1m[35m (1.5ms)[0m  [1m[35mCREATE  INDEX  "index_tasks_on_project_id" ON "tasks"  ("project_id")[0m
  [1m[35mSQL (0.4ms)[0m  [1m[32mINSERT INTO "schema_migrations" ("version") VALUES ($1) RETURNING "version"[0m  [["version", "20170430190554"]]
  [1m[35m (0.5ms)[0m  [1m[35mCOMMIT[0m
Migrating to AddAuthenticationTokenToUser (20170505204351)
  [1m[35m (0.3ms)[0m  [1m[35mBEGIN[0m
  [1m[35m (0.4ms)[0m  [1m[35mALTER TABLE "users" ADD "authentication_token" character varying[0m
  [1m[35mSQL (0.3ms)[0m  [1m[32mINSERT INTO "schema_migrations" ("version") VALUES ($1) RETURNING "version"[0m  [["version", "20170505204351"]]
  [1m[35m (0.4ms)[0m  [1m[35mCOMMIT[0m
Migrating to AddAttachmentAttachmentToNotes (20170519014052)
  [1m[35m (0.1ms)[0m  [1m[35mBEGIN[0m
  [1m[35m (0.6ms)[0m  [1m[35mALTER TABLE "notes" ADD "attachment_file_name" character varying[0m
  [1m[35m (0.5ms)[0m  [1m[35mALTER TABLE "notes" ADD "attachment_content_type" character varying[0m
  [1m[35m (0.4ms)[0m  [1m[35mALTER TABLE "notes" ADD "attachment_file_size" integer[0m
  [1m[35m (1.1ms)[0m  [1m[35mALTER TABLE "notes" ADD "attachment_updated_at" timestamp[0m
  [1m[35mSQL (0.9ms)[0m  [1m[32mINSERT INTO "schema_migrations" ("version") VALUES ($1) RETURNING "version"[0m  [["version", "20170519014052"]]
  [1m[35m (0.4ms)[0m  [1m[35mCOMMIT[0m
Migrating to AddLocationToUsers (20170829013421)
  [1m[35m (0.1ms)[0m  [1m[35mBEGIN[0m
  [1m[35m (0.6ms)[0m  [1m[35mALTER TABLE "users" ADD "location" character varying[0m
  [1m[35mSQL (0.3ms)[0m  [1m[32mINSERT INTO "schema_migrations" ("version") VALUES ($1) RETURNING "version"[0m  [["version", "20170829013421"]]
  [1m[35m (0.4ms)[0m  [1m[35mCOMMIT[0m
  [1m[36mActiveRecord::InternalMetadata Load (0.6ms)[0m  [1m[34mSELECT  "ar_internal_metadata".* FROM "ar_internal_metadata" WHERE "ar_internal_metadata"."key" = $1 LIMIT $2[0m  [["key", "environment"], ["LIMIT", 1]]
  [1m[35m (0.2ms)[0m  [1m[35mBEGIN[0m
  [1m[35mSQL (0.5ms)[0m  [1m[32mINSERT INTO "ar_internal_metadata" ("key", "value", "created_at", "updated_at") VALUES ($1, $2, $3, $4) RETURNING "key"[0m  [["key", "environment"], ["value", "development"], ["created_at", "2020-02-11 15:44:41.408639"], ["updated_at", "2020-02-11 15:44:41.408639"]]
  [1m[35m (0.4ms)[0m  [1m[35mCOMMIT[0m
  [1m[35m (1.4ms)[0m  [1m[34mSELECT pg_advisory_unlock(3746314354844354685)[0m
  [1m[35m (0.7ms)[0m  [1m[34mSELECT "schema_migrations"."version" FROM "schema_migrations" ORDER BY "schema_migrations"."version" ASC[0m
Started GET "/" for 127.0.0.1 at 2020-02-11 17:44:52 +0200
  [1m[35m (1.4ms)[0m  [1m[34mSELECT "schema_migrations"."version" FROM "schema_migrations" ORDER BY "schema_migrations"."version" ASC[0m
Processing by HomeController#index as HTML
  Rendering home/index.html.erb within layouts/application
  Rendered home/index.html.erb within layouts/application (2.1ms)
  Rendered layouts/_navbar.html.erb (2.0ms) [cache miss]
  Rendered layouts/_flash.html.erb (1.1ms) [cache miss]
Completed 200 OK in 7260ms (Views: 7256.6ms | ActiveRecord: 0.0ms)


Started GET "/users/sign_up" for 127.0.0.1 at 2020-02-11 17:45:06 +0200
Processing by RegistrationsController#new as HTML
  Rendering devise/registrations/new.html.erb within layouts/application
  Rendered devise/shared/_links.html.erb (1.0ms) [cache miss]
  Rendered devise/registrations/new.html.erb within layouts/application (32.2ms)
  Rendered layouts/_navbar.html.erb (1.2ms) [cache miss]
  Rendered layouts/_flash.html.erb (0.6ms) [cache miss]
Completed 200 OK in 155ms (Views: 109.8ms | ActiveRecord: 10.1ms)


Started POST "/users" for 127.0.0.1 at 2020-02-11 17:45:39 +0200
Processing by RegistrationsController#create as HTML
  Parameters: {"utf8"=>"✓", "authenticity_token"=>"9aS/DJPimjYUrhqfwT9IlLHap5cF9w2W9p0r9GG09WbkGb5A2JPjyY8k4vG0rYePOhJT3ulc5T3c8W9ISptmAw==", "user"=>{"first_name"=>"Geo", "last_name"=>"fr", "email"=>"test@test.com", "password"=>"[FILTERED]", "password_confirmation"=>"[FILTERED]"}, "commit"=>"Sign up"}
  [1m[35m (0.2ms)[0m  [1m[35mBEGIN[0m
  [1m[36mUser Exists (1.1ms)[0m  [1m[34mSELECT  1 AS one FROM "users" WHERE "users"."email" = $1 LIMIT $2[0m  [["email", "test@test.com"], ["LIMIT", 1]]
  [1m[36mUser Load (1.3ms)[0m  [1m[34mSELECT  "users".* FROM "users" WHERE "users"."authentication_token" = $1 ORDER BY "users"."id" ASC LIMIT $2[0m  [["authentication_token", "EqDczok1yU57XDXSzpED"], ["LIMIT", 1]]
  [1m[35mSQL (0.9ms)[0m  [1m[32mINSERT INTO "users" ("email", "encrypted_password", "created_at", "updated_at", "first_name", "last_name", "authentication_token") VALUES ($1, $2, $3, $4, $5, $6, $7) RETURNING "id"[0m  [["email", "test@test.com"], ["encrypted_password", "$2a$11$vmBusn.Jgm3VCR3BleSxte6/3TNkELTFLbjrulUxGtru5r1R6UmMW"], ["created_at", "2020-02-11 15:45:39.513198"], ["updated_at", "2020-02-11 15:45:39.513198"], ["first_name", "Geo"], ["last_name", "fr"], ["authentication_token", "EqDczok1yU57XDXSzpED"]]
[ActiveJob] Enqueued ActionMailer::DeliveryJob (Job ID: bc03aa35-b166-4db6-84d9-9fd437825fe2) to Async(mailers) with arguments: "UserMailer", "welcome_email", "deliver_now", #<GlobalID:0x00007fb1391627d0 @uri=#<URI::GID gid://projects/User/1>>
  [1m[35m (0.5ms)[0m  [1m[35mCOMMIT[0m
  [1m[35m (0.2ms)[0m  [1m[35mBEGIN[0m
  [1m[35mSQL (1.5ms)[0m  [1m[33mUPDATE "users" SET "sign_in_count" = $1, "current_sign_in_at" = $2, "last_sign_in_at" = $3, "current_sign_in_ip" = $4, "last_sign_in_ip" = $5, "updated_at" = $6 WHERE "users"."id" = $7[0m  [["sign_in_count", 1], ["current_sign_in_at", "2020-02-11 15:45:39.787110"], ["last_sign_in_at", "2020-02-11 15:45:39.787110"], ["current_sign_in_ip", "127.0.0.1"], ["last_sign_in_ip", "127.0.0.1"], ["updated_at", "2020-02-11 15:45:39.788237"], ["id", 1]]
  [1m[35m (0.6ms)[0m  [1m[35mCOMMIT[0m
Redirected to http://localhost:3000/
Completed 302 Found in 546ms (ActiveRecord: 6.3ms)


  [1m[36mUser Load (2.4ms)[0m  [1m[34mSELECT  "users".* FROM "users" WHERE "users"."id" = $1 LIMIT $2[0m  [["id", 1], ["LIMIT", 1]]
[ActiveJob] [ActionMailer::DeliveryJob] [bc03aa35-b166-4db6-84d9-9fd437825fe2] Performing ActionMailer::DeliveryJob (Job ID: bc03aa35-b166-4db6-84d9-9fd437825fe2) from Async(mailers) with arguments: "UserMailer", "welcome_email", "deliver_now", #<GlobalID:0x00007fb132e65498 @uri=#<URI::GID gid://projects/User/1>>
Started GET "/" for 127.0.0.1 at 2020-02-11 17:45:39 +0200
[ActiveJob] [ActionMailer::DeliveryJob] [bc03aa35-b166-4db6-84d9-9fd437825fe2]   Rendering user_mailer/welcome_email.html.erb within layouts/mailer
[ActiveJob] [ActionMailer::DeliveryJob] [bc03aa35-b166-4db6-84d9-9fd437825fe2]   Rendered user_mailer/welcome_email.html.erb within layouts/mailer (0.8ms)
  [1m[36mUser Load (1.7ms)[0m  [1m[34mSELECT  "users".* FROM "users" WHERE "users"."id" = $1 ORDER BY "users"."id" ASC LIMIT $2[0m  [["id", 1], ["LIMIT", 1]]
[ActiveJob] [ActionMailer::DeliveryJob] [bc03aa35-b166-4db6-84d9-9fd437825fe2] UserMailer#welcome_email: processed outbound mail in 203.7ms
[ActiveJob] [ActionMailer::DeliveryJob] [bc03aa35-b166-4db6-84d9-9fd437825fe2] Sent mail to test@test.com (15.4ms)
[ActiveJob] [ActionMailer::DeliveryJob] [bc03aa35-b166-4db6-84d9-9fd437825fe2] Date: Tue, 11 Feb 2020 17:45:40 +0200
From: support@example.com
To: test@test.com
Message-ID: <5e42cc24a62d_be4c3fd89c8b12a8690f1@MBPtoucteGeorge.station.mail>
Subject: Welcome to Projects!
Mime-Version: 1.0
Content-Type: text/html;
 charset=UTF-8
Content-Transfer-Encoding: 7bit

<!DOCTYPE html>
<html>
  <head>
    <meta http-equiv="Content-Type" content="text/html; charset=utf-8" />
    <style>
      /* Email styles need to be inline */
    </style>
  </head>

  <body>
    <!DOCTYPE html>
<html>
  <head>
    <meta content="text/html; charset=utf-8" http-equiv="Content-Type" />
  </head>
  <body>
    <h1>Welcome to Projects</h1>

    <p>
      Hello Geo,
    </p>

    <p>
      Thanks for checking out Projects. Use the email address
      test@test.com to sign in or reset your password in the future.
    </p>
  </body>
</html>

  </body>
</html>

[ActiveJob] [ActionMailer::DeliveryJob] [bc03aa35-b166-4db6-84d9-9fd437825fe2] Performed ActionMailer::DeliveryJob (Job ID: bc03aa35-b166-4db6-84d9-9fd437825fe2) from Async(mailers) in 220.31ms
Processing by ProjectsController#index as HTML
  Rendering projects/index.html.erb within layouts/application
  [1m[36mProject Load (0.9ms)[0m  [1m[34mSELECT "projects".* FROM "projects" WHERE "projects"."user_id" = $1[0m  [["user_id", 1]]
  Rendered projects/index.html.erb within layouts/application (23.6ms)
  Rendered layouts/_navbar.html.erb (1.4ms) [cache miss]
  Rendered layouts/_flash.html.erb (0.9ms) [cache miss]
Completed 200 OK in 233ms (Views: 187.9ms | ActiveRecord: 4.3ms)


Started GET "/projects/new" for 127.0.0.1 at 2020-02-11 17:45:46 +0200
Processing by ProjectsController#new as HTML
  [1m[36mUser Load (1.3ms)[0m  [1m[34mSELECT  "users".* FROM "users" WHERE "users"."id" = $1 ORDER BY "users"."id" ASC LIMIT $2[0m  [["id", 1], ["LIMIT", 1]]
  Rendering projects/new.html.erb within layouts/application
  Rendered projects/_form.html.erb (11.4ms) [cache miss]
  Rendered projects/new.html.erb within layouts/application (14.4ms)
  Rendered layouts/_navbar.html.erb (2.1ms) [cache miss]
  Rendered layouts/_flash.html.erb (0.7ms) [cache miss]
Completed 200 OK in 159ms (Views: 113.9ms | ActiveRecord: 13.9ms)


Started POST "/projects" for 127.0.0.1 at 2020-02-11 17:46:03 +0200
Processing by ProjectsController#create as HTML
  Parameters: {"utf8"=>"✓", "authenticity_token"=>"NpTmJdYwlMXMgf4mt0lZDZKvtgxxRFJUATEVRikHvRbDo1SZUbnH1lMsuuZIS8nljoXuvM2uDiPL5Qcm+nRB1A==", "project"=>{"name"=>"Board", "description"=>"testjiih", "due_on(1i)"=>"2020", "due_on(2i)"=>"2", "due_on(3i)"=>"15"}, "commit"=>"Create Project"}
  [1m[36mUser Load (1.0ms)[0m  [1m[34mSELECT  "users".* FROM "users" WHERE "users"."id" = $1 ORDER BY "users"."id" ASC LIMIT $2[0m  [["id", 1], ["LIMIT", 1]]
  [1m[35m (0.2ms)[0m  [1m[35mBEGIN[0m
  [1m[36mProject Exists (0.5ms)[0m  [1m[34mSELECT  1 AS one FROM "projects" WHERE "projects"."name" = $1 AND "projects"."user_id" = $2 LIMIT $3[0m  [["name", "Board"], ["user_id", 1], ["LIMIT", 1]]
  [1m[36mUser Load (0.5ms)[0m  [1m[34mSELECT  "users".* FROM "users" WHERE "users"."id" = $1 LIMIT $2[0m  [["id", 1], ["LIMIT", 1]]
  [1m[35mSQL (3.5ms)[0m  [1m[32mINSERT INTO "projects" ("name", "description", "due_on", "created_at", "updated_at", "user_id") VALUES ($1, $2, $3, $4, $5, $6) RETURNING "id"[0m  [["name", "Board"], ["description", "testjiih"], ["due_on", "2020-02-15"], ["created_at", "2020-02-11 15:46:03.212299"], ["updated_at", "2020-02-11 15:46:03.212299"], ["user_id", 1]]
  [1m[35m (1.8ms)[0m  [1m[35mCOMMIT[0m
Redirected to http://localhost:3000/projects/1
Completed 302 Found in 28ms (ActiveRecord: 7.5ms)


Started GET "/projects/1" for 127.0.0.1 at 2020-02-11 17:46:03 +0200
Processing by ProjectsController#show as HTML
  Parameters: {"id"=>"1"}
  [1m[36mUser Load (1.4ms)[0m  [1m[34mSELECT  "users".* FROM "users" WHERE "users"."id" = $1 ORDER BY "users"."id" ASC LIMIT $2[0m  [["id", 1], ["LIMIT", 1]]
  [1m[36mProject Load (0.6ms)[0m  [1m[34mSELECT  "projects".* FROM "projects" WHERE "projects"."id" = $1 LIMIT $2[0m  [["id", 1], ["LIMIT", 1]]
  [1m[36mUser Load (0.5ms)[0m  [1m[34mSELECT  "users".* FROM "users" WHERE "users"."id" = $1 LIMIT $2[0m  [["id", 1], ["LIMIT", 1]]
  Rendering projects/show.html.erb within layouts/application
  [1m[36mTask Load (1.5ms)[0m  [1m[34mSELECT "tasks".* FROM "tasks" WHERE "tasks"."project_id" = $1[0m  [["project_id", 1]]
  Rendered collection of templates [0 times] (0.0ms)
  [1m[36mNote Load (1.9ms)[0m  [1m[34mSELECT "notes".* FROM "notes" WHERE "notes"."project_id" = $1[0m  [["project_id", 1]]
  Rendered collection of templates [0 times] (0.0ms)
  Rendered projects/show.html.erb within layouts/application (61.3ms)
  Rendered layouts/_navbar.html.erb (2.4ms) [cache miss]
  Rendered layouts/_flash.html.erb (1.0ms) [cache miss]
Completed 200 OK in 220ms (Views: 194.9ms | ActiveRecord: 15.2ms)


Started GET "/projects/1/tasks/new" for 127.0.0.1 at 2020-02-11 17:46:21 +0200
Processing by TasksController#new as HTML
  Parameters: {"project_id"=>"1"}
  [1m[36mUser Load (2.5ms)[0m  [1m[34mSELECT  "users".* FROM "users" WHERE "users"."id" = $1 ORDER BY "users"."id" ASC LIMIT $2[0m  [["id", 1], ["LIMIT", 1]]
  [1m[36mProject Load (0.4ms)[0m  [1m[34mSELECT  "projects".* FROM "projects" WHERE "projects"."id" = $1 LIMIT $2[0m  [["id", 1], ["LIMIT", 1]]
  [1m[36mUser Load (2.1ms)[0m  [1m[34mSELECT  "users".* FROM "users" WHERE "users"."id" = $1 LIMIT $2[0m  [["id", 1], ["LIMIT", 1]]
  Rendering tasks/new.html.erb within layouts/application
  Rendered tasks/_form.html.erb (7.8ms) [cache miss]
  Rendered tasks/new.html.erb within layouts/application (10.1ms)
  Rendered layouts/_navbar.html.erb (1.2ms) [cache miss]
  Rendered layouts/_flash.html.erb (0.7ms) [cache miss]
Completed 200 OK in 139ms (Views: 95.5ms | ActiveRecord: 13.2ms)


Started POST "/projects/1/tasks" for 127.0.0.1 at 2020-02-11 17:46:30 +0200
Processing by TasksController#create as JS
  Parameters: {"utf8"=>"✓", "authenticity_token"=>"D7Tnx5b4sp9f3Dz6nMGiwtRbH+ZHt3zB0EosrebsUEBj/LvfoSPjhtl2a3Xa5Cb9Oysp2iTBEn/jbd3MHwSr+A==", "task"=>{"name"=>"in 2", "completed"=>"1"}, "commit"=>"Create Task", "project_id"=>"1"}
  [1m[36mUser Load (1.0ms)[0m  [1m[34mSELECT  "users".* FROM "users" WHERE "users"."id" = $1 ORDER BY "users"."id" ASC LIMIT $2[0m  [["id", 1], ["LIMIT", 1]]
  [1m[36mProject Load (0.6ms)[0m  [1m[34mSELECT  "projects".* FROM "projects" WHERE "projects"."id" = $1 LIMIT $2[0m  [["id", 1], ["LIMIT", 1]]
  [1m[36mUser Load (0.6ms)[0m  [1m[34mSELECT  "users".* FROM "users" WHERE "users"."id" = $1 LIMIT $2[0m  [["id", 1], ["LIMIT", 1]]
  [1m[35m (0.3ms)[0m  [1m[35mBEGIN[0m
  [1m[35mSQL (1.7ms)[0m  [1m[32mINSERT INTO "tasks" ("name", "project_id", "completed", "created_at", "updated_at") VALUES ($1, $2, $3, $4, $5) RETURNING "id"[0m  [["name", "in 2"], ["project_id", 1], ["completed", "t"], ["created_at", "2020-02-11 15:46:30.849630"], ["updated_at", "2020-02-11 15:46:30.849630"]]
  [1m[35m (0.6ms)[0m  [1m[35mCOMMIT[0m
Redirected to http://localhost:3000/projects/1
Completed 200 OK in 19ms (ActiveRecord: 4.8ms)


Started GET "/projects/1" for 127.0.0.1 at 2020-02-11 17:46:30 +0200
Processing by ProjectsController#show as HTML
  Parameters: {"id"=>"1"}
  [1m[36mUser Load (0.5ms)[0m  [1m[34mSELECT  "users".* FROM "users" WHERE "users"."id" = $1 ORDER BY "users"."id" ASC LIMIT $2[0m  [["id", 1], ["LIMIT", 1]]
  [1m[36mProject Load (0.6ms)[0m  [1m[34mSELECT  "projects".* FROM "projects" WHERE "projects"."id" = $1 LIMIT $2[0m  [["id", 1], ["LIMIT", 1]]
  [1m[36mUser Load (0.6ms)[0m  [1m[34mSELECT  "users".* FROM "users" WHERE "users"."id" = $1 LIMIT $2[0m  [["id", 1], ["LIMIT", 1]]
  Rendering projects/show.html.erb within layouts/application
  [1m[36mTask Load (0.8ms)[0m  [1m[34mSELECT "tasks".* FROM "tasks" WHERE "tasks"."project_id" = $1[0m  [["project_id", 1]]
  Rendered collection of tasks/_task.html.erb [1 times] (3.5ms)
  [1m[36mNote Load (1.5ms)[0m  [1m[34mSELECT "notes".* FROM "notes" WHERE "notes"."project_id" = $1[0m  [["project_id", 1]]
  Rendered collection of templates [0 times] (0.0ms)
  Rendered projects/show.html.erb within layouts/application (35.6ms)
  Rendered layouts/_navbar.html.erb (1.2ms) [cache miss]
  Rendered layouts/_flash.html.erb (0.9ms) [cache miss]
Completed 200 OK in 147ms (Views: 133.1ms | ActiveRecord: 4.0ms)


Started GET "/projects" for 127.0.0.1 at 2020-02-11 17:46:40 +0200
Processing by ProjectsController#index as HTML
  [1m[36mUser Load (1.3ms)[0m  [1m[34mSELECT  "users".* FROM "users" WHERE "users"."id" = $1 ORDER BY "users"."id" ASC LIMIT $2[0m  [["id", 1], ["LIMIT", 1]]
  Rendering projects/index.html.erb within layouts/application
  [1m[36mProject Load (0.4ms)[0m  [1m[34mSELECT "projects".* FROM "projects" WHERE "projects"."user_id" = $1[0m  [["user_id", 1]]
  Rendered projects/index.html.erb within layouts/application (4.1ms)
  Rendered layouts/_navbar.html.erb (1.7ms) [cache miss]
  Rendered layouts/_flash.html.erb (1.0ms) [cache miss]
Completed 200 OK in 116ms (Views: 98.3ms | ActiveRecord: 1.8ms)


  [1m[35m (2.4ms)[0m  [1m[34mSELECT pg_try_advisory_lock(3746314354844354685);[0m
  [1m[35m (2.4ms)[0m  [1m[34mSELECT "schema_migrations"."version" FROM "schema_migrations" ORDER BY "schema_migrations"."version" ASC[0m
Migrating to AddCompletedToProjects (20200221125852)
  [1m[35m (0.1ms)[0m  [1m[35mBEGIN[0m
  [1m[35m (13.2ms)[0m  [1m[35mALTER TABLE "projects" ADD "completed" boolean[0m
  [1m[35mSQL (0.6ms)[0m  [1m[32mINSERT INTO "schema_migrations" ("version") VALUES ($1) RETURNING "version"[0m  [["version", "20200221125852"]]
  [1m[35m (0.6ms)[0m  [1m[35mCOMMIT[0m
  [1m[36mActiveRecord::InternalMetadata Load (1.6ms)[0m  [1m[34mSELECT  "ar_internal_metadata".* FROM "ar_internal_metadata" WHERE "ar_internal_metadata"."key" = $1 LIMIT $2[0m  [["key", "environment"], ["LIMIT", 1]]
  [1m[35m (0.1ms)[0m  [1m[35mBEGIN[0m
  [1m[35m (0.1ms)[0m  [1m[35mCOMMIT[0m
  [1m[35m (0.3ms)[0m  [1m[34mSELECT pg_advisory_unlock(3746314354844354685)[0m
  [1m[35m (0.3ms)[0m  [1m[34mSELECT "schema_migrations"."version" FROM "schema_migrations" ORDER BY "schema_migrations"."version" ASC[0m
